<?xml version="1.0" encoding="UTF-8" ?>
<this is not a TRX>
<Hell, this isn't even an XML!>
